<?xml version="1.0" encoding="UTF-8"?>
<!-- Generated by org.testng.reporters.JUnitXMLReporter -->
<testsuite hostname="DESKTOP-JP52KVH" ignored="0" name="Test" tests="4" failures="1" timestamp="15 Mar 2020 17:09:50 GMT" time="218.239" errors="0">
  <testcase name="FirstTest" time="7.411" classname="AppiumFramework.AppiumFramework.AppiumTest">
    <failure type="java.lang.AssertionError" message="Not Found expected [true] but found [false]">
      <![CDATA[java.lang.AssertionError: Not Found expected [true] but found [false]
at AppiumFramework.AppiumFramework.AppiumTest.FirstTest(AppiumTest.java:13)
... Removed 28 stack frames]]>
    </failure>
  </testcase> <!-- FirstTest -->
  <testcase name="SecondTest" time="6.816" classname="AppiumFramework.AppiumFramework.AppiumTest"/>
  <testcase name="ThirdTest" time="6.614" classname="AppiumFramework.AppiumFramework.AppiumTest"/>
  <testcase name="ForthTest" time="6.593" classname="AppiumFramework.AppiumFramework.AppiumTest"/>
</testsuite> <!-- Test -->
